IQ-TREE multicore version 2.3.2 COVID-edition for Mac OS X 64-bit built Apr  9 2024
Developed by Bui Quang Minh, James Barbetti, Nguyen Lam Tung,
Olga Chernomor, Heiko Schmidt, Dominik Schrempf, Michael Woodhams, Ly Trong Nhan, Thomas Wong

Host:    Sarahs-MacBook-Air.local (AVX512, FMA3, 8 GB RAM)
Command: ./iqtree2 -s sarah_oomycete_allignment.nex
Seed:    918686 (Using SPRNG - Scalable Parallel Random Number Generator)
Time:    Thu Apr 25 13:43:08 2024
Kernel:  AVX+FMA - 1 threads (8 CPU cores detected)

HINT: Use -nt option to specify number of threads because your CPU has 8 cores!
HINT: -nt AUTO will automatically determine the best number of threads to use.

Reading alignment file sarah_oomycete_allignment.nex ... Nexus format detected
WARNING: 4 sites contain only gaps or ambiguous characters.
Alignment has 106 sequences with 1399 columns, 1029 distinct patterns
756 parsimony-informative, 140 singleton sites, 503 constant sites
                           Gap/Ambiguity  Composition  p-value
Analyzing sequences: done in 0.000494003 secs using 87.25% CPU
   1  Alternaria_alternata_1      59.11%    failed      0.07%
   2  Alternaria_alternata_2      59.61%    failed      0.13%
   3  Clonostachys_rosea          57.76%    failed      0.00%
   4  Mortierella_elongata        54.04%    failed      0.00%
   5  Phytophthora_sansomeana_1   36.88%    failed      0.71%
   6  Phytophthora_sansomeana_2   40.89%    failed      0.45%
   7  Phytophthora_sojae          38.60%    failed      2.09%
   8  Phytopythium_vexans_        37.31%    passed     62.79%
   9  Phytopythium_vexans_1       38.24%    passed     56.61%
  10  Phytopythium_vexans_2       42.32%    failed      2.43%
  11  Phytopythium_vexans_3       39.96%    passed     33.62%
  12  Pyhytophthora_sansomeana_   40.60%    failed      0.45%
  13  Pythium__irregulare         37.31%    passed     20.24%
  14  Pythium__ultimum_           35.67%    passed      5.92%
  15  Pythium_acanthophoron_1     36.95%    passed     95.15%
  16  Pythium_acanthophoron_2     34.81%    passed     85.83%
  17  Pythium_acanthophoron_3     32.45%    passed     79.45%
  18  Pythium_acanthophoron_4     32.45%    passed     79.45%
  19  Pythium_acanthophoron_5     33.88%    passed     77.44%
  20  Pythium_acanthophoron_6     33.74%    passed     78.55%
  21  Pythium_acanthophoron_7     32.88%    passed     75.52%
  22  Pythium_acanthophoron_8     35.74%    passed     93.13%
  23  Pythium_acanthophoron_9     33.67%    passed     76.72%
  24  Pythium_acanthophoron_10    37.17%    passed     96.45%
  25  Pythium_acanthophoron_11    39.10%    passed     97.97%
  26  Pythium_acantophoron        35.45%    passed     85.23%
  27  Pythium_aphanidermatum      38.60%    passed     13.31%
  28  Pythium_apiculatum_         38.67%    passed     36.68%
  29  Pythium_conidiophorum       40.24%    passed      5.44%
  30  Pythium_dissotocum          49.68%    passed     28.70%
  31  Pythium_graminicola         39.10%    passed     14.25%
  32  Pythium_hypogynum           38.17%    passed     20.85%
  33  Pythium_hypogynum_          35.03%    passed     24.66%
  34  Pythium_inflatum_           39.96%    passed     13.24%
  35  Pythium_inflatum_1          40.60%    passed     12.70%
  36  Pythium_inflatum_2          37.03%    passed      5.02%
  37  Pythium_inflatum_3          39.81%    passed     16.09%
  38  Pythium_inflatum_4          38.96%    passed      9.93%
  39  Pythium_intermedium         32.95%    passed     91.53%
  40  Pythium_irregulare_1        33.17%    passed     15.10%
  41  Pythium_irregulare_2        32.38%    passed     36.31%
  42  Pythium_irregulare_3        34.88%    passed      8.49%
  43  Pythium_irregulare_4        33.38%    passed     22.93%
  44  Pythium_irregulare_5        36.17%    passed     26.25%
  45  Pythium_irregulare_6        33.24%    passed     13.70%
  46  Pythium_irregulare_7        37.88%    passed     19.57%
  47  Pythium_irregulare_8        33.52%    passed     21.97%
  48  Pythium_irregulare_9        33.52%    passed     22.16%
  49  Pythium_irregulare_10       36.67%    passed     15.31%
  50  Pythium_irregulare_11       36.95%    passed     20.20%
  51  Pythium_irregulare_12       33.74%    passed     23.47%
  52  Pythium_irregulare_13       35.88%    passed     11.80%
  53  Pythium_irregulare_14       31.09%    passed     48.50%
  54  Pythium_irregulare_15       34.38%    passed      8.97%
  55  Pythium_irregulare_16       33.38%    passed     19.47%
  56  Pythium_irregulare_17       33.45%    passed     18.53%
  57  Pythium_irregulare_18       33.88%    passed     16.78%
  58  Pythium_irregulare_19       32.31%    passed     36.26%
  59  Pythium_irregulare_20       33.02%    passed     24.79%
  60  Pythium_irregulare_21       33.17%    passed     14.59%
  61  Pythium_irregulare_22       37.31%    passed     20.24%
  62  Pythium_irregulare_23       35.10%    passed     24.49%
  63  Pythium_irregulare_24       32.09%    passed     37.29%
  64  Pythium_irregulare_25       40.24%    passed     11.70%
  65  Pythium_irregulare_26       34.95%    passed     11.97%
  66  Pythium_irregulare_27       37.53%    passed     16.54%
  67  Pythium_irregulare_28       33.74%    passed     20.52%
  68  Pythium_irregulare_29       29.09%    passed     68.00%
  69  Pythium_irregulare_30       33.02%    passed     29.09%
  70  Pythium_irregulare_31       34.81%    passed     13.04%
  71  Pythium_irregulare_32       33.45%    passed     17.91%
  72  Pythium_irregulare_33       35.03%    passed     37.15%
  73  Pythium_irregulare_34       37.74%    passed      8.66%
  74  Pythium_irregulare_35       32.67%    passed     27.87%
  75  Pythium_irregulare_36       33.52%    passed     22.23%
  76  Pythium_irregulare_37       33.24%    passed     18.50%
  77  Pythium_middletonii_1       38.88%    passed     97.93%
  78  Pythium_middletonii_2       36.03%    passed     90.87%
  79  Pythium_myriotylum          38.46%    passed      5.22%
  80  Pythium_nodosum_1           37.46%    passed     98.14%
  81  Pythium_nodosum_2           38.60%    passed     96.45%
  82  Pythium_nodosum_3           70.19%    failed      0.00%
  83  Pythium_nodosum_6           36.67%    passed     92.82%
  84  Pythium_nodosum_7           33.81%    passed     78.10%
  85  Pythium_perplexum_1         33.60%    passed     63.65%
  86  Pythium_perplexum_2         35.38%    passed     86.53%
  87  Pythium_perplexum_3         35.17%    passed     81.83%
  88  Pythium_perplexum_4         36.03%    passed     93.03%
  89  Pythium_perplexum_5         35.24%    passed     91.43%
  90  Pythium_sylvaticum_1        36.81%    passed     30.36%
  91  Pythium_sylvaticum_2        36.10%    passed     37.31%
  92  Pythium_torolosum_          39.89%    failed      2.50%
  93  Pythium_torolosum_1         46.39%    passed     11.07%
  94  Pythium_torolosum_2         39.24%    failed      2.54%
  95  Pythium_torolosum_3         40.39%    failed      3.71%
  96  Pythium_torulosum_1         40.17%    failed      3.57%
  97  Pythium_torulosum_2         39.46%    failed      2.12%
  98  Pythium_ultimum_1           35.81%    failed      3.68%
  99  Pythium_ultimum_2           38.74%    failed      3.53%
 100  Pythium_ultimum_3           37.17%    failed      2.87%
 101  Pythium_vanterpoolii_1      40.17%    passed     10.36%
 102  Pythium_vanterpoolii_2      37.53%    passed      7.40%
 103  Pythium_vanterpoolii_3      41.74%    passed      9.07%
 104  Pythium_vanterpoolii_4      36.17%    failed      4.76%
 105  Pythium_vanterpoolii_5      36.17%    passed      5.42%
 106  Pythium_yorkense            35.74%    passed     94.44%
WARNING: 5 sequences contain more than 50% gaps/ambiguity
****  TOTAL                       37.53%  19 sequences failed composition chi2 test (p-value<5%; df=3)


Create initial parsimony tree by phylogenetic likelihood library (PLL)... 0.015 seconds
Perform fast likelihood tree search using GTR+I+G model...
Estimate model parameters (epsilon = 5.000)
Perform nearest neighbor interchange...
Estimate model parameters (epsilon = 1.000)
1. Initial log-likelihood: -14524.198
2. Current log-likelihood: -14522.744
Optimal log-likelihood: -14521.836
Rate parameters:  A-C: 1.16745  A-G: 1.44413  A-T: 0.96539  C-G: 0.75350  C-T: 1.84929  G-T: 1.00000
Base frequencies:  A: 0.208  C: 0.193  G: 0.277  T: 0.322
Proportion of invariable sites: 0.082
Gamma shape alpha: 0.730
Parameters optimization took 2 rounds (0.202 sec)
Time for fast ML tree search: 0.976 seconds

NOTE: ModelFinder requires 35 MB RAM!
ModelFinder will test up to 484 DNA models (sample size: 1399) ...
 No. Model         -LnL         df  AIC          AICc         BIC
  1  GTR+F         15259.158    217 30952.315    31032.427    32090.158
  2  GTR+F+I       14974.543    218 30385.085    30466.004    31528.171
  3  GTR+F+G4      14520.207    218 29476.413    29557.332    30619.499
  4  GTR+F+I+G4    14520.080    219 29478.159    29559.889    30626.489
  5  GTR+F+R2      14606.681    219 29651.363    29733.093    30799.692
  6  GTR+F+R3      14512.308    221 29466.616    29549.984    30625.432
  7  GTR+F+R4      14493.759    223 29433.518    29518.543    30602.821
  8  GTR+F+R5      14483.757    225 29417.513    29504.214    30597.304
  9  GTR+F+R6      14473.513    227 29401.025    29489.422    30591.303
 10  GTR+F+R7      14466.095    229 29390.190    29480.301    30590.955
 11  GTR+F+R8      14450.004    231 29362.009    29453.854    30573.260
 12  GTR+F+R9      14443.630    233 29353.259    29446.859    30574.998
 14  GTR+F+I+R2    14566.032    220 29572.064    29654.611    30725.637
 15  GTR+F+I+R3    14492.772    222 29429.544    29513.738    30593.604
 16  GTR+F+I+R4    14476.777    224 29401.554    29487.415    30576.101
 17  GTR+F+I+R5    14466.679    226 29385.359    29472.905    30570.393
 18  GTR+F+I+R6    14461.209    228 29378.419    29467.670    30573.939
 33  SYM+R8        14468.726    228 29393.453    29482.704    30588.974
 34  SYM+R9        14463.760    230 29387.520    29478.496    30593.528
 38  SYM+I+R4      14504.056    221 29450.112    29533.480    30608.929
 39  SYM+I+R5      14491.876    223 29429.752    29514.777    30599.055
 40  SYM+I+R6      14488.758    225 29427.517    29514.218    30607.307
 55  TVM+F+R8      14454.286    230 29368.573    29459.549    30574.581
 56  TVM+F+R9      14448.027    232 29360.055    29452.775    30576.550
 60  TVM+F+I+R4    14480.764    223 29407.527    29492.552    30576.831
 61  TVM+F+I+R5    14472.225    225 29394.450    29481.150    30574.240
 62  TVM+F+I+R6    14465.301    227 29384.603    29472.999    30574.880
 77  TVMe+R8       14474.649    227 29403.298    29491.694    30593.575
 78  TVMe+R9       14470.020    229 29398.040    29488.151    30598.804
 82  TVMe+I+R4     14511.073    220 29462.146    29544.693    30615.719
 83  TVMe+I+R5     14498.817    222 29441.635    29525.829    30605.695
 84  TVMe+I+R6     14494.433    224 29436.866    29522.726    30611.413
 99  TIM3+F+R8     14455.293    229 29368.586    29458.697    30569.350
100  TIM3+F+R9     14448.936    231 29359.872    29451.718    30571.124
104  TIM3+F+I+R4   14482.663    222 29409.325    29493.519    30573.385
105  TIM3+F+I+R5   14472.422    224 29392.844    29478.704    30567.391
106  TIM3+F+I+R6   14468.206    226 29388.412    29475.958    30573.445
121  TIM3e+R8      14478.567    226 29409.134    29496.680    30594.168
122  TIM3e+R9      14474.242    228 29404.484    29493.735    30600.005
126  TIM3e+I+R4    14513.705    219 29465.410    29547.140    30613.739
127  TIM3e+I+R5    14501.034    221 29444.067    29527.435    30602.884
128  TIM3e+I+R6    14498.646    223 29443.292    29528.317    30612.596
143  TIM2+F+R8     14454.703    229 29367.407    29457.518    30568.171
144  TIM2+F+R9     14448.506    231 29359.012    29450.858    30570.264
148  TIM2+F+I+R4   14481.446    222 29406.893    29491.087    30570.953
149  TIM2+F+I+R5   14471.300    224 29390.600    29476.460    30565.147
150  TIM2+F+I+R6   14465.971    226 29383.942    29471.488    30568.976
165  TIM2e+R8      14498.768    226 29449.537    29537.083    30634.571
166  TIM2e+R9      14494.634    228 29445.268    29534.520    30640.789
170  TIM2e+I+R4    14532.271    219 29502.542    29584.272    30650.871
171  TIM2e+I+R5    14520.089    221 29482.177    29565.545    30640.994
172  TIM2e+I+R6    14516.815    223 29479.630    29564.655    30648.934
187  TIM+F+R8      14451.936    229 29361.871    29451.982    30562.636
188  TIM+F+R9      14445.553    231 29353.106    29444.952    30564.358
192  TIM+F+I+R4    14479.383    222 29402.766    29486.959    30566.825
193  TIM+F+I+R5    14469.113    224 29386.226    29472.086    30560.773
194  TIM+F+I+R6    14464.743    226 29381.487    29469.033    30566.521
209  TIMe+R8       14492.643    226 29437.286    29524.832    30622.319
210  TIMe+R9       14489.096    228 29434.191    29523.443    30629.712
214  TIMe+I+R4     14524.637    219 29487.275    29569.005    30635.604
215  TIMe+I+R5     14513.217    221 29468.433    29551.801    30627.250
216  TIMe+I+R6     14509.368    223 29464.736    29549.760    30634.039
231  TPM3u+F+R8    14459.569    228 29375.138    29464.389    30570.659
232  TPM3u+F+R9    14453.439    230 29366.878    29457.854    30572.886
236  TPM3u+F+I+R4  14487.219    221 29416.438    29499.806    30575.254
237  TPM3u+F+I+R5  14478.055    223 29402.110    29487.135    30571.413
238  TPM3u+F+I+R6  14471.384    225 29392.769    29479.470    30572.559
253  TPM3+R8       14484.348    225 29418.696    29505.396    30598.486
254  TPM3+R9       14480.421    227 29414.842    29503.238    30605.120
258  TPM3+I+R4     14519.200    218 29474.401    29555.319    30617.486
259  TPM3+I+R5     14507.802    220 29455.605    29538.151    30609.178
260  TPM3+I+R6     14503.872    222 29451.744    29535.938    30615.804
275  TPM2u+F+R8    14459.066    228 29374.131    29463.382    30569.652
276  TPM2u+F+R9    14453.010    230 29366.021    29456.997    30572.029
280  TPM2u+F+I+R4  14485.378    221 29412.757    29496.124    30571.573
281  TPM2u+F+I+R5  14476.849    223 29399.699    29484.723    30569.002
282  TPM2u+F+I+R6  14469.999    225 29389.998    29476.699    30569.788
297  TPM2+R8       14504.017    225 29458.033    29544.734    30637.824
298  TPM2+R9       14500.484    227 29454.969    29543.365    30645.246
302  TPM2+I+R4     14537.599    218 29511.198    29592.116    30654.283
303  TPM2+I+R5     14526.503    220 29493.007    29575.553    30646.579
304  TPM2+I+R6     14522.787    222 29489.575    29573.769    30653.635
319  K3Pu+F+R8     14456.436    228 29368.873    29458.124    30564.394
320  K3Pu+F+R9     14450.180    230 29360.359    29451.335    30566.367
324  K3Pu+F+I+R4   14483.963    221 29409.925    29493.293    30568.742
325  K3Pu+F+I+R5   14474.929    223 29395.858    29480.882    30565.161
326  K3Pu+F+I+R6   14468.330    225 29386.661    29473.361    30566.451
341  K3P+R8        14497.976    225 29445.952    29532.653    30625.742
342  K3P+R9        14494.364    227 29442.728    29531.124    30633.005
346  K3P+I+R4      14531.073    218 29498.147    29579.066    30641.233
347  K3P+I+R5      14519.677    220 29479.354    29561.900    30632.927
348  K3P+I+R6      14515.953    222 29475.906    29560.100    30639.966
363  TN+F+R8       14455.455    228 29366.911    29456.162    30562.432
364  TN+F+R9       14449.243    230 29358.487    29449.463    30564.495
368  TN+F+I+R4     14482.691    221 29407.382    29490.750    30566.198
369  TN+F+I+R5     14472.455    223 29390.909    29475.934    30560.213
370  TN+F+I+R6     14467.995    225 29385.990    29472.690    30565.780
385  TNe+R8        14502.375    225 29454.751    29541.451    30634.541
386  TNe+R9        14498.898    227 29451.795    29540.192    30642.073
390  TNe+I+R4      14534.108    218 29504.216    29585.135    30647.302
391  TNe+I+R5      14522.880    220 29485.760    29568.307    30639.333
392  TNe+I+R6      14518.943    222 29481.886    29566.080    30645.946
407  HKY+F+R8      14459.982    227 29373.965    29462.361    30564.242
408  HKY+F+R9      14453.777    229 29365.554    29455.665    30566.318
412  HKY+F+I+R4    14487.201    220 29414.403    29496.950    30567.976
413  HKY+F+I+R5    14478.216    222 29400.433    29484.627    30564.493
414  HKY+F+I+R6    14471.502    224 29391.004    29476.865    30565.551
429  K2P+R8        14507.654    224 29463.307    29549.168    30637.854
430  K2P+R9        14504.057    226 29460.114    29547.661    30645.148
434  K2P+I+R4      14540.411    217 29514.823    29594.935    30652.665
435  K2P+I+R5      14529.235    219 29496.471    29578.201    30644.800
436  K2P+I+R6      14525.511    221 29493.021    29576.389    30651.838
451  F81+F+R8      14512.876    226 29477.751    29565.297    30662.785
452  F81+F+R9      14506.256    228 29468.511    29557.762    30664.032
456  F81+F+I+R4    14539.963    219 29517.926    29599.656    30666.255
457  F81+F+I+R5    14531.351    221 29504.702    29588.070    30663.518
458  F81+F+I+R6    14526.658    223 29499.315    29584.340    30668.619
473  JC+R8         14548.461    223 29542.922    29627.947    30712.226
474  JC+R9         14545.304    225 29540.608    29627.308    30720.398
478  JC+I+R4       14580.889    216 29593.778    29673.088    30726.377
479  JC+I+R5       14569.741    218 29575.482    29656.401    30718.568
480  JC+I+R6       14564.512    220 29569.024    29651.570    30722.596
Akaike Information Criterion:           TIM+F+R9
Corrected Akaike Information Criterion: TIM+F+R9
Bayesian Information Criterion:         TN+F+I+R5
Best-fit model: TN+F+I+R5 chosen according to BIC

All model information printed to sarah_oomycete_allignment.nex.model.gz
CPU time for ModelFinder: 1050.599 seconds (0h:17m:30s)
Wall-clock time for ModelFinder: 1075.865 seconds (0h:17m:55s)

NOTE: 17 MB RAM (0 GB) is required!
Estimate model parameters (epsilon = 0.100)
1. Initial log-likelihood: -14472.455
Optimal log-likelihood: -14472.445
Rate parameters:  A-C: 1.00000  A-G: 1.44561  A-T: 1.00000  C-G: 1.00000  C-T: 1.90819  G-T: 1.00000
Base frequencies:  A: 0.208  C: 0.193  G: 0.277  T: 0.322
Proportion of invariable sites: 0.116
Site proportion and rates:  (0.462,0.290) (0.130,1.284) (0.157,1.367) (0.122,2.942) (0.013,9.717)
Parameters optimization took 1 rounds (0.303 sec)
Wrote distance file to... 
Computing ML distances based on estimated model parameters...
Calculating distance matrix: done in 0.0782881 secs using 96.99% CPU
Computing ML distances took 0.079097 sec (of wall-clock time) 0.076672 sec (of CPU time)
Setting up auxiliary I and S matrices: done in 0.000302076 secs using 148% CPU
Computing RapidNJ tree took 0.001228 sec (of wall-clock time) 0.002057 sec (of CPU time)
Log-likelihood of RapidNJ tree: -14682.887
--------------------------------------------------------------------
|             INITIALIZING CANDIDATE TREE SET                      |
--------------------------------------------------------------------
Generating 98 parsimony trees... 1.638 second
Computing log-likelihood of 98 initial trees ... 2.840 seconds
Current best score: -14472.445

Do NNI search on 20 best initial trees
Estimate model parameters (epsilon = 0.100)
BETTER TREE FOUND at iteration 1: -14458.333
Estimate model parameters (epsilon = 0.100)
BETTER TREE FOUND at iteration 2: -14444.537
Iteration 10 / LogL: -14456.916 / Time: 0h:18m:10s
Iteration 20 / LogL: -14466.741 / Time: 0h:18m:20s
Finish initializing candidate tree set (20)
Current best tree score: -14444.537 / CPU time: 23.853
Number of iterations: 20
--------------------------------------------------------------------
|               OPTIMIZING CANDIDATE TREE SET                      |
--------------------------------------------------------------------
Estimate model parameters (epsilon = 0.100)
BETTER TREE FOUND at iteration 23: -14443.442
Estimate model parameters (epsilon = 0.100)
BETTER TREE FOUND at iteration 24: -14440.158
Estimate model parameters (epsilon = 0.100)
BETTER TREE FOUND at iteration 25: -14439.777
Iteration 30 / LogL: -14448.932 / Time: 0h:18m:33s (0h:2m:1s left)
Estimate model parameters (epsilon = 0.100)
BETTER TREE FOUND at iteration 32: -14436.305
Iteration 40 / LogL: -14439.803 / Time: 0h:18m:44s (0h:1m:53s left)
Iteration 50 / LogL: -14440.145 / Time: 0h:18m:55s (0h:1m:39s left)
Iteration 60 / LogL: -14520.175 / Time: 0h:19m:4s (0h:1m:23s left)
Estimate model parameters (epsilon = 0.100)
BETTER TREE FOUND at iteration 62: -14435.647
Estimate model parameters (epsilon = 0.100)
BETTER TREE FOUND at iteration 66: -14435.531
Estimate model parameters (epsilon = 0.100)
BETTER TREE FOUND at iteration 69: -14434.815
Iteration 70 / LogL: -14435.569 / Time: 0h:19m:14s (0h:1m:52s left)
Iteration 80 / LogL: -14456.487 / Time: 0h:19m:25s (0h:1m:40s left)
BETTER TREE FOUND at iteration 86: -14434.807
Iteration 90 / LogL: -14436.520 / Time: 0h:19m:35s (0h:1m:47s left)
Estimate model parameters (epsilon = 0.100)
BETTER TREE FOUND at iteration 98: -14434.711
Iteration 100 / LogL: -14503.366 / Time: 0h:19m:44s (0h:1m:47s left)
Iteration 110 / LogL: -14442.610 / Time: 0h:19m:53s (0h:1m:35s left)
Estimate model parameters (epsilon = 0.100)
BETTER TREE FOUND at iteration 119: -14433.201
Iteration 120 / LogL: -14436.945 / Time: 0h:20m:3s (0h:1m:46s left)
Iteration 130 / LogL: -14433.794 / Time: 0h:20m:12s (0h:1m:34s left)
Iteration 140 / LogL: -14435.655 / Time: 0h:20m:20s (0h:1m:22s left)
Estimate model parameters (epsilon = 0.100)
BETTER TREE FOUND at iteration 146: -14433.109
Iteration 150 / LogL: -14496.141 / Time: 0h:20m:29s (0h:1m:39s left)
Iteration 160 / LogL: -14433.291 / Time: 0h:20m:37s (0h:1m:27s left)
Iteration 170 / LogL: -14438.132 / Time: 0h:20m:48s (0h:1m:17s left)
BETTER TREE FOUND at iteration 175: -14433.106
Estimate model parameters (epsilon = 0.100)
BETTER TREE FOUND at iteration 179: -14432.870
Iteration 180 / LogL: -14440.183 / Time: 0h:20m:57s (0h:1m:40s left)
Estimate model parameters (epsilon = 0.100)
BETTER TREE FOUND at iteration 186: -14432.801
Iteration 190 / LogL: -14436.579 / Time: 0h:21m:5s (0h:1m:36s left)
Iteration 200 / LogL: -14445.857 / Time: 0h:21m:13s (0h:1m:25s left)
Iteration 210 / LogL: -14451.748 / Time: 0h:21m:21s (0h:1m:14s left)
Iteration 220 / LogL: -14434.335 / Time: 0h:21m:29s (0h:1m:4s left)
Iteration 230 / LogL: -14437.895 / Time: 0h:21m:37s (0h:0m:54s left)
Estimate model parameters (epsilon = 0.100)
BETTER TREE FOUND at iteration 233: -14432.313
Iteration 240 / LogL: -14444.414 / Time: 0h:21m:46s (0h:1m:29s left)
Iteration 250 / LogL: -14437.487 / Time: 0h:21m:54s (0h:1m:19s left)
Iteration 260 / LogL: -14437.546 / Time: 0h:22m:2s (0h:1m:9s left)
Estimate model parameters (epsilon = 0.100)
UPDATE BEST LOG-LIKELIHOOD: -14432.287
Iteration 270 / LogL: -14455.552 / Time: 0h:22m:10s (0h:0m:59s left)
BETTER TREE FOUND at iteration 278: -14432.285
Iteration 280 / LogL: -14460.027 / Time: 0h:22m:18s (0h:1m:32s left)
Iteration 290 / LogL: -14432.852 / Time: 0h:22m:26s (0h:1m:22s left)
Iteration 300 / LogL: -14434.801 / Time: 0h:22m:34s (0h:1m:12s left)
Estimate model parameters (epsilon = 0.100)
BETTER TREE FOUND at iteration 301: -14429.832
Estimate model parameters (epsilon = 0.100)
BETTER TREE FOUND at iteration 304: -14429.289
Iteration 310 / LogL: -14435.089 / Time: 0h:22m:43s (0h:1m:27s left)
Iteration 320 / LogL: -14451.730 / Time: 0h:22m:52s (0h:1m:18s left)
Iteration 330 / LogL: -14593.010 / Time: 0h:23m:0s (0h:1m:8s left)
Iteration 340 / LogL: -14432.726 / Time: 0h:23m:10s (0h:0m:59s left)
Estimate model parameters (epsilon = 0.100)
BETTER TREE FOUND at iteration 344: -14429.110
Iteration 350 / LogL: -14435.667 / Time: 0h:23m:18s (0h:1m:26s left)
UPDATE BEST LOG-LIKELIHOOD: -14429.110
Iteration 360 / LogL: -14458.084 / Time: 0h:23m:27s (0h:1m:17s left)
Iteration 370 / LogL: -14561.454 / Time: 0h:23m:35s (0h:1m:8s left)
Iteration 380 / LogL: -14432.409 / Time: 0h:23m:42s (0h:0m:58s left)
Estimate model parameters (epsilon = 0.100)
BETTER TREE FOUND at iteration 386: -14428.964
Iteration 390 / LogL: -14567.878 / Time: 0h:23m:51s (0h:1m:27s left)
Iteration 400 / LogL: -14437.761 / Time: 0h:23m:59s (0h:1m:18s left)
Iteration 410 / LogL: -14429.000 / Time: 0h:24m:8s (0h:1m:9s left)
Iteration 420 / LogL: -14534.712 / Time: 0h:24m:18s (0h:1m:0s left)
Iteration 430 / LogL: -14590.118 / Time: 0h:24m:26s (0h:0m:50s left)
BETTER TREE FOUND at iteration 433: -14428.956
Iteration 440 / LogL: -14432.203 / Time: 0h:24m:34s (0h:1m:24s left)
Iteration 450 / LogL: -14436.885 / Time: 0h:24m:43s (0h:1m:15s left)
Estimate model parameters (epsilon = 0.100)
BETTER TREE FOUND at iteration 459: -14427.904
Iteration 460 / LogL: -14438.253 / Time: 0h:24m:51s (0h:1m:29s left)
Iteration 470 / LogL: -14433.912 / Time: 0h:25m:1s (0h:1m:20s left)
Iteration 480 / LogL: -14430.807 / Time: 0h:25m:10s (0h:1m:11s left)
Iteration 490 / LogL: -14429.257 / Time: 0h:25m:18s (0h:1m:2s left)
Iteration 500 / LogL: -14429.113 / Time: 0h:25m:27s (0h:0m:53s left)
Iteration 510 / LogL: -14434.198 / Time: 0h:25m:35s (0h:0m:44s left)
Iteration 520 / LogL: -14442.005 / Time: 0h:25m:44s (0h:0m:35s left)
Iteration 530 / LogL: -14428.711 / Time: 0h:25m:52s (0h:0m:26s left)
Iteration 540 / LogL: -14439.468 / Time: 0h:26m:1s (0h:0m:17s left)
Iteration 550 / LogL: -14434.034 / Time: 0h:26m:10s (0h:0m:8s left)
Iteration 560 / LogL: -14435.773 / Time: 0h:26m:18s (0h:0m:-1s left)
TREE SEARCH COMPLETED AFTER 560 ITERATIONS / Time: 0h:26m:18s

--------------------------------------------------------------------
|                    FINALIZING TREE SEARCH                        |
--------------------------------------------------------------------
Performs final model parameters optimization
Estimate model parameters (epsilon = 0.010)
1. Initial log-likelihood: -14427.904
Optimal log-likelihood: -14427.901
Rate parameters:  A-C: 1.00000  A-G: 1.44729  A-T: 1.00000  C-G: 1.00000  C-T: 1.87571  G-T: 1.00000
Base frequencies:  A: 0.208  C: 0.193  G: 0.277  T: 0.322
Proportion of invariable sites: 0.119
Site proportion and rates:  (0.473,0.306) (0.131,1.406) (0.158,1.410) (0.109,3.058) (0.011,10.249)
Parameters optimization took 1 rounds (0.164 sec)
BEST SCORE FOUND : -14427.901
Total tree length: 11.156

Total number of iterations: 560
CPU time used for tree search: 492.247 sec (0h:8m:12s)
Wall-clock time used for tree search: 502.069 sec (0h:8m:22s)
Total CPU time used: 1543.831 sec (0h:25m:43s)
Total wall-clock time used: 1578.752 sec (0h:26m:18s)

Analysis results written to: 
  IQ-TREE report:                sarah_oomycete_allignment.nex.iqtree
  Maximum-likelihood tree:       sarah_oomycete_allignment.nex.treefile
  Likelihood distances:          sarah_oomycete_allignment.nex.mldist
  Screen log file:               sarah_oomycete_allignment.nex.log

Date and Time: Thu Apr 25 14:09:27 2024
